                                      1 ;--------------------------------------------------------
                                      2 ; File Created by SDCC : free open source ANSI-C Compiler
                                      3 ; Version 3.4.0 #8981 (Jul  5 2014) (Linux)
                                      4 ; This file was generated Thu Mar 30 10:26:56 2017
                                      5 ;--------------------------------------------------------
                                      6 	.module sensors
                                      7 	.optsdcc -mstm8
                                      8 	
                                      9 ;--------------------------------------------------------
                                     10 ; Public variables in this module
                                     11 ;--------------------------------------------------------
                                     12 	.globl _segmentMap
                                     13 	.globl _main
                                     14 	.globl _tm1637DisplayDecimal
                                     15 	.globl _tm1637Init
                                     16 	.globl _InitializeUART
                                     17 	.globl _InitializeI2C
                                     18 	.globl _i2c_read_register
                                     19 	.globl _print_byte_hex
                                     20 	.globl _i2c_set_start_ack
                                     21 	.globl _i2c_send_address
                                     22 	.globl _UARTPrintF
                                     23 	.globl _i2c_send_reg
                                     24 	.globl _i2c_set_stop
                                     25 	.globl _i2c_set_nak
                                     26 	.globl _i2c_read
                                     27 	.globl _delay
                                     28 	.globl _InitializeSystemClock
                                     29 	.globl _delayTenMicro
                                     30 	.globl _tm1637SetBrightness
                                     31 	.globl __tm1637Start
                                     32 	.globl __tm1637Stop
                                     33 	.globl __tm1637ReadResult
                                     34 	.globl __tm1637WriteByte
                                     35 	.globl __tm1637ClkHigh
                                     36 	.globl __tm1637ClkLow
                                     37 	.globl __tm1637DioHigh
                                     38 	.globl __tm1637DioLow
                                     39 ;--------------------------------------------------------
                                     40 ; ram data
                                     41 ;--------------------------------------------------------
                                     42 	.area DATA
                                     43 ;--------------------------------------------------------
                                     44 ; ram data
                                     45 ;--------------------------------------------------------
                                     46 	.area INITIALIZED
                                     47 ;--------------------------------------------------------
                                     48 ; Stack segment in internal ram 
                                     49 ;--------------------------------------------------------
                                     50 	.area	SSEG
      000000                         51 __start__stack:
      000000                         52 	.ds	1
                                     53 
                                     54 ;--------------------------------------------------------
                                     55 ; absolute external ram data
                                     56 ;--------------------------------------------------------
                                     57 	.area DABS (ABS)
                                     58 ;--------------------------------------------------------
                                     59 ; interrupt vector 
                                     60 ;--------------------------------------------------------
                                     61 	.area HOME
      000000                         62 __interrupt_vect:
      000000 82v00u00u00             63 	int s_GSINIT ;reset
      000004 82 00 00 00             64 	int 0x0000 ;trap
      000008 82 00 00 00             65 	int 0x0000 ;int0
      00000C 82 00 00 00             66 	int 0x0000 ;int1
      000010 82 00 00 00             67 	int 0x0000 ;int2
      000014 82 00 00 00             68 	int 0x0000 ;int3
      000018 82 00 00 00             69 	int 0x0000 ;int4
      00001C 82 00 00 00             70 	int 0x0000 ;int5
      000020 82 00 00 00             71 	int 0x0000 ;int6
      000024 82 00 00 00             72 	int 0x0000 ;int7
      000028 82 00 00 00             73 	int 0x0000 ;int8
      00002C 82 00 00 00             74 	int 0x0000 ;int9
      000030 82 00 00 00             75 	int 0x0000 ;int10
      000034 82 00 00 00             76 	int 0x0000 ;int11
      000038 82 00 00 00             77 	int 0x0000 ;int12
      00003C 82 00 00 00             78 	int 0x0000 ;int13
      000040 82 00 00 00             79 	int 0x0000 ;int14
      000044 82 00 00 00             80 	int 0x0000 ;int15
      000048 82 00 00 00             81 	int 0x0000 ;int16
      00004C 82 00 00 00             82 	int 0x0000 ;int17
      000050 82 00 00 00             83 	int 0x0000 ;int18
      000054 82 00 00 00             84 	int 0x0000 ;int19
      000058 82 00 00 00             85 	int 0x0000 ;int20
      00005C 82 00 00 00             86 	int 0x0000 ;int21
      000060 82 00 00 00             87 	int 0x0000 ;int22
      000064 82 00 00 00             88 	int 0x0000 ;int23
      000068 82 00 00 00             89 	int 0x0000 ;int24
      00006C 82 00 00 00             90 	int 0x0000 ;int25
      000070 82 00 00 00             91 	int 0x0000 ;int26
      000074 82 00 00 00             92 	int 0x0000 ;int27
      000078 82 00 00 00             93 	int 0x0000 ;int28
      00007C 82 00 00 00             94 	int 0x0000 ;int29
                                     95 ;--------------------------------------------------------
                                     96 ; global & static initialisations
                                     97 ;--------------------------------------------------------
                                     98 	.area HOME
                                     99 	.area GSINIT
                                    100 	.area GSFINAL
                                    101 	.area GSINIT
      000000                        102 __sdcc_gs_init_startup:
      000000                        103 __sdcc_init_data:
                                    104 ; stm8_genXINIT() start
      000000 AEr00r00         [ 2]  105 	ldw x, #l_DATA
      000003 27 07            [ 1]  106 	jreq	00002$
      000005                        107 00001$:
      000005 72 4FuFFuFF      [ 1]  108 	clr (s_DATA - 1, x)
      000009 5A               [ 2]  109 	decw x
      00000A 26 F9            [ 1]  110 	jrne	00001$
      00000C                        111 00002$:
      00000C AEr00r00         [ 2]  112 	ldw	x, #l_INITIALIZER
      00000F 27 09            [ 1]  113 	jreq	00004$
      000011                        114 00003$:
      000011 D6uFFuFF         [ 1]  115 	ld	a, (s_INITIALIZER - 1, x)
      000014 D7uFFuFF         [ 1]  116 	ld	(s_INITIALIZED - 1, x), a
      000017 5A               [ 2]  117 	decw	x
      000018 26 F7            [ 1]  118 	jrne	00003$
      00001A                        119 00004$:
                                    120 ; stm8_genXINIT() end
                                    121 	.area GSFINAL
      000000 CCr00r80         [ 2]  122 	jp	__sdcc_program_startup
                                    123 ;--------------------------------------------------------
                                    124 ; Home
                                    125 ;--------------------------------------------------------
                                    126 	.area HOME
                                    127 	.area HOME
      000080                        128 __sdcc_program_startup:
      000080 CCr03rE8         [ 2]  129 	jp	_main
                                    130 ;	return from main will return to caller
                                    131 ;--------------------------------------------------------
                                    132 ; code
                                    133 ;--------------------------------------------------------
                                    134 	.area CODE
                                    135 ;	sensors.c: 16: void delayTenMicro (void) {
                                    136 ;	-----------------------------------------
                                    137 ;	 function delayTenMicro
                                    138 ;	-----------------------------------------
      000000                        139 _delayTenMicro:
                                    140 ;	sensors.c: 18: for (a = 0; a < 50; ++a)
      000000 A6 32            [ 1]  141 	ld	a, #0x32
      000002                        142 00104$:
                                    143 ;	sensors.c: 19: __asm__("nop");
      000002 9D               [ 1]  144 	nop
      000003 4A               [ 1]  145 	dec	a
                                    146 ;	sensors.c: 18: for (a = 0; a < 50; ++a)
      000004 4D               [ 1]  147 	tnz	a
      000005 26 FB            [ 1]  148 	jrne	00104$
      000007 81               [ 4]  149 	ret
                                    150 ;	sensors.c: 22: void InitializeSystemClock() {
                                    151 ;	-----------------------------------------
                                    152 ;	 function InitializeSystemClock
                                    153 ;	-----------------------------------------
      000008                        154 _InitializeSystemClock:
                                    155 ;	sensors.c: 23: CLK_ICKR = 0;                       //  Reset the Internal Clock Register.
      000008 AE 50 C0         [ 2]  156 	ldw	x, #0x50c0
      00000B 7F               [ 1]  157 	clr	(x)
                                    158 ;	sensors.c: 24: CLK_ICKR = CLK_HSIEN;               //  Enable the HSI.
      00000C AE 50 C0         [ 2]  159 	ldw	x, #0x50c0
      00000F A6 01            [ 1]  160 	ld	a, #0x01
      000011 F7               [ 1]  161 	ld	(x), a
                                    162 ;	sensors.c: 25: CLK_ECKR = 0;                       //  Disable the external clock.
      000012 AE 50 C1         [ 2]  163 	ldw	x, #0x50c1
      000015 7F               [ 1]  164 	clr	(x)
                                    165 ;	sensors.c: 26: while ((CLK_ICKR & CLK_HSIRDY) == 0);       //  Wait for the HSI to be ready for use.
      000016                        166 00101$:
      000016 AE 50 C0         [ 2]  167 	ldw	x, #0x50c0
      000019 F6               [ 1]  168 	ld	a, (x)
      00001A A5 02            [ 1]  169 	bcp	a, #0x02
      00001C 27 F8            [ 1]  170 	jreq	00101$
                                    171 ;	sensors.c: 27: CLK_CKDIVR = 0;                     //  Ensure the clocks are running at full speed.
      00001E AE 50 C6         [ 2]  172 	ldw	x, #0x50c6
      000021 7F               [ 1]  173 	clr	(x)
                                    174 ;	sensors.c: 28: CLK_PCKENR1 = 0xff;                 //  Enable all peripheral clocks.
      000022 AE 50 C7         [ 2]  175 	ldw	x, #0x50c7
      000025 A6 FF            [ 1]  176 	ld	a, #0xff
      000027 F7               [ 1]  177 	ld	(x), a
                                    178 ;	sensors.c: 29: CLK_PCKENR2 = 0xff;                 //  Ditto.
      000028 AE 50 CA         [ 2]  179 	ldw	x, #0x50ca
      00002B A6 FF            [ 1]  180 	ld	a, #0xff
      00002D F7               [ 1]  181 	ld	(x), a
                                    182 ;	sensors.c: 30: CLK_CCOR = 0;                       //  Turn off CCO.
      00002E AE 50 C9         [ 2]  183 	ldw	x, #0x50c9
      000031 7F               [ 1]  184 	clr	(x)
                                    185 ;	sensors.c: 31: CLK_HSITRIMR = 0;                   //  Turn off any HSIU trimming.
      000032 AE 50 CC         [ 2]  186 	ldw	x, #0x50cc
      000035 7F               [ 1]  187 	clr	(x)
                                    188 ;	sensors.c: 32: CLK_SWIMCCR = 0;                    //  Set SWIM to run at clock / 2.
      000036 AE 50 CD         [ 2]  189 	ldw	x, #0x50cd
      000039 7F               [ 1]  190 	clr	(x)
                                    191 ;	sensors.c: 33: CLK_SWR = 0xe1;                     //  Use HSI as the clock source.
      00003A AE 50 C4         [ 2]  192 	ldw	x, #0x50c4
      00003D A6 E1            [ 1]  193 	ld	a, #0xe1
      00003F F7               [ 1]  194 	ld	(x), a
                                    195 ;	sensors.c: 34: CLK_SWCR = 0;                       //  Reset the clock switch control register.
      000040 AE 50 C5         [ 2]  196 	ldw	x, #0x50c5
      000043 7F               [ 1]  197 	clr	(x)
                                    198 ;	sensors.c: 35: CLK_SWCR = CLK_SWEN;                //  Enable switching.
      000044 AE 50 C5         [ 2]  199 	ldw	x, #0x50c5
      000047 A6 02            [ 1]  200 	ld	a, #0x02
      000049 F7               [ 1]  201 	ld	(x), a
                                    202 ;	sensors.c: 36: while ((CLK_SWCR & CLK_SWBSY) != 0);        //  Pause while the clock switch is busy.
      00004A                        203 00104$:
      00004A AE 50 C5         [ 2]  204 	ldw	x, #0x50c5
      00004D F6               [ 1]  205 	ld	a, (x)
      00004E 44               [ 1]  206 	srl	a
      00004F 25 F9            [ 1]  207 	jrc	00104$
      000051 81               [ 4]  208 	ret
                                    209 ;	sensors.c: 38: void delay (int time_ms) {
                                    210 ;	-----------------------------------------
                                    211 ;	 function delay
                                    212 ;	-----------------------------------------
      000052                        213 _delay:
      000052 52 0A            [ 2]  214 	sub	sp, #10
                                    215 ;	sensors.c: 40: for (x = 0; x < 1036*time_ms; ++x)
      000054 5F               [ 1]  216 	clrw	x
      000055 1F 03            [ 2]  217 	ldw	(0x03, sp), x
      000057 1F 01            [ 2]  218 	ldw	(0x01, sp), x
      000059 1E 0D            [ 2]  219 	ldw	x, (0x0d, sp)
      00005B 89               [ 2]  220 	pushw	x
      00005C 4B 0C            [ 1]  221 	push	#0x0c
      00005E 4B 04            [ 1]  222 	push	#0x04
      000060 CDr00r00         [ 4]  223 	call	__mulint
      000063 5B 04            [ 2]  224 	addw	sp, #4
      000065 1F 09            [ 2]  225 	ldw	(0x09, sp), x
      000067                        226 00103$:
      000067 16 09            [ 2]  227 	ldw	y, (0x09, sp)
      000069 17 07            [ 2]  228 	ldw	(0x07, sp), y
      00006B 7B 07            [ 1]  229 	ld	a, (0x07, sp)
      00006D 49               [ 1]  230 	rlc	a
      00006E 4F               [ 1]  231 	clr	a
      00006F A2 00            [ 1]  232 	sbc	a, #0x00
      000071 6B 06            [ 1]  233 	ld	(0x06, sp), a
      000073 6B 05            [ 1]  234 	ld	(0x05, sp), a
      000075 1E 03            [ 2]  235 	ldw	x, (0x03, sp)
      000077 13 07            [ 2]  236 	cpw	x, (0x07, sp)
      000079 7B 02            [ 1]  237 	ld	a, (0x02, sp)
      00007B 12 06            [ 1]  238 	sbc	a, (0x06, sp)
      00007D 7B 01            [ 1]  239 	ld	a, (0x01, sp)
      00007F 12 05            [ 1]  240 	sbc	a, (0x05, sp)
      000081 2E 17            [ 1]  241 	jrsge	00105$
                                    242 ;	sensors.c: 41: __asm__("nop");
      000083 9D               [ 1]  243 	nop
                                    244 ;	sensors.c: 40: for (x = 0; x < 1036*time_ms; ++x)
      000084 16 03            [ 2]  245 	ldw	y, (0x03, sp)
      000086 72 A9 00 01      [ 2]  246 	addw	y, #0x0001
      00008A 7B 02            [ 1]  247 	ld	a, (0x02, sp)
      00008C A9 00            [ 1]  248 	adc	a, #0x00
      00008E 97               [ 1]  249 	ld	xl, a
      00008F 7B 01            [ 1]  250 	ld	a, (0x01, sp)
      000091 A9 00            [ 1]  251 	adc	a, #0x00
      000093 95               [ 1]  252 	ld	xh, a
      000094 17 03            [ 2]  253 	ldw	(0x03, sp), y
      000096 1F 01            [ 2]  254 	ldw	(0x01, sp), x
      000098 20 CD            [ 2]  255 	jra	00103$
      00009A                        256 00105$:
      00009A 5B 0A            [ 2]  257 	addw	sp, #10
      00009C 81               [ 4]  258 	ret
                                    259 ;	sensors.c: 43: void i2c_read (unsigned char *x) {
                                    260 ;	-----------------------------------------
                                    261 ;	 function i2c_read
                                    262 ;	-----------------------------------------
      00009D                        263 _i2c_read:
                                    264 ;	sensors.c: 44: while ((I2C_SR1 & I2C_RXNE) == 0);
      00009D                        265 00101$:
      00009D AE 52 17         [ 2]  266 	ldw	x, #0x5217
      0000A0 F6               [ 1]  267 	ld	a, (x)
      0000A1 A5 40            [ 1]  268 	bcp	a, #0x40
      0000A3 27 F8            [ 1]  269 	jreq	00101$
                                    270 ;	sensors.c: 45: *x = I2C_DR;
      0000A5 16 03            [ 2]  271 	ldw	y, (0x03, sp)
      0000A7 AE 52 16         [ 2]  272 	ldw	x, #0x5216
      0000AA F6               [ 1]  273 	ld	a, (x)
      0000AB 90 F7            [ 1]  274 	ld	(y), a
      0000AD 81               [ 4]  275 	ret
                                    276 ;	sensors.c: 47: void i2c_set_nak (void) {
                                    277 ;	-----------------------------------------
                                    278 ;	 function i2c_set_nak
                                    279 ;	-----------------------------------------
      0000AE                        280 _i2c_set_nak:
                                    281 ;	sensors.c: 48: I2C_CR2 &= ~I2C_ACK;
      0000AE AE 52 11         [ 2]  282 	ldw	x, #0x5211
      0000B1 F6               [ 1]  283 	ld	a, (x)
      0000B2 A4 FB            [ 1]  284 	and	a, #0xfb
      0000B4 F7               [ 1]  285 	ld	(x), a
      0000B5 81               [ 4]  286 	ret
                                    287 ;	sensors.c: 50: void i2c_set_stop (void) {
                                    288 ;	-----------------------------------------
                                    289 ;	 function i2c_set_stop
                                    290 ;	-----------------------------------------
      0000B6                        291 _i2c_set_stop:
                                    292 ;	sensors.c: 51: I2C_CR2 |= I2C_STOP;
      0000B6 AE 52 11         [ 2]  293 	ldw	x, #0x5211
      0000B9 F6               [ 1]  294 	ld	a, (x)
      0000BA AA 02            [ 1]  295 	or	a, #0x02
      0000BC F7               [ 1]  296 	ld	(x), a
      0000BD 81               [ 4]  297 	ret
                                    298 ;	sensors.c: 53: void i2c_send_reg (UCHAR addr) {
                                    299 ;	-----------------------------------------
                                    300 ;	 function i2c_send_reg
                                    301 ;	-----------------------------------------
      0000BE                        302 _i2c_send_reg:
      0000BE 52 02            [ 2]  303 	sub	sp, #2
                                    304 ;	sensors.c: 55: reg = I2C_SR1;
      0000C0 AE 52 17         [ 2]  305 	ldw	x, #0x5217
      0000C3 F6               [ 1]  306 	ld	a, (x)
      0000C4 5F               [ 1]  307 	clrw	x
      0000C5 97               [ 1]  308 	ld	xl, a
      0000C6 1F 01            [ 2]  309 	ldw	(0x01, sp), x
                                    310 ;	sensors.c: 56: reg = I2C_SR3;
      0000C8 AE 52 19         [ 2]  311 	ldw	x, #0x5219
      0000CB F6               [ 1]  312 	ld	a, (x)
      0000CC 5F               [ 1]  313 	clrw	x
      0000CD 97               [ 1]  314 	ld	xl, a
      0000CE 1F 01            [ 2]  315 	ldw	(0x01, sp), x
                                    316 ;	sensors.c: 57: I2C_DR = addr;
      0000D0 AE 52 16         [ 2]  317 	ldw	x, #0x5216
      0000D3 7B 05            [ 1]  318 	ld	a, (0x05, sp)
      0000D5 F7               [ 1]  319 	ld	(x), a
                                    320 ;	sensors.c: 58: while ((I2C_SR1 & I2C_TXE) == 0);
      0000D6                        321 00101$:
      0000D6 AE 52 17         [ 2]  322 	ldw	x, #0x5217
      0000D9 F6               [ 1]  323 	ld	a, (x)
      0000DA 48               [ 1]  324 	sll	a
      0000DB 24 F9            [ 1]  325 	jrnc	00101$
      0000DD 5B 02            [ 2]  326 	addw	sp, #2
      0000DF 81               [ 4]  327 	ret
                                    328 ;	sensors.c: 62: void UARTPrintF (char *message) {
                                    329 ;	-----------------------------------------
                                    330 ;	 function UARTPrintF
                                    331 ;	-----------------------------------------
      0000E0                        332 _UARTPrintF:
                                    333 ;	sensors.c: 63: char *ch = message;
      0000E0 16 03            [ 2]  334 	ldw	y, (0x03, sp)
                                    335 ;	sensors.c: 64: while (*ch) {
      0000E2                        336 00104$:
      0000E2 90 F6            [ 1]  337 	ld	a, (y)
      0000E4 4D               [ 1]  338 	tnz	a
      0000E5 27 0F            [ 1]  339 	jreq	00107$
                                    340 ;	sensors.c: 65: UART1_DR = (unsigned char) *ch;     //  Put the next character into the data transmission register.
      0000E7 AE 52 31         [ 2]  341 	ldw	x, #0x5231
      0000EA F7               [ 1]  342 	ld	(x), a
                                    343 ;	sensors.c: 66: while ((UART1_SR & SR_TXE) == 0);   //  Wait for transmission to complete.
      0000EB                        344 00101$:
      0000EB AE 52 30         [ 2]  345 	ldw	x, #0x5230
      0000EE F6               [ 1]  346 	ld	a, (x)
      0000EF 48               [ 1]  347 	sll	a
      0000F0 24 F9            [ 1]  348 	jrnc	00101$
                                    349 ;	sensors.c: 67: ch++;                               //  Grab the next character.
      0000F2 90 5C            [ 2]  350 	incw	y
      0000F4 20 EC            [ 2]  351 	jra	00104$
      0000F6                        352 00107$:
      0000F6 81               [ 4]  353 	ret
                                    354 ;	sensors.c: 73: void i2c_send_address (UCHAR addr, UCHAR mode) {
                                    355 ;	-----------------------------------------
                                    356 ;	 function i2c_send_address
                                    357 ;	-----------------------------------------
      0000F7                        358 _i2c_send_address:
      0000F7 52 03            [ 2]  359 	sub	sp, #3
                                    360 ;	sensors.c: 75: reg = I2C_SR1;
      0000F9 AE 52 17         [ 2]  361 	ldw	x, #0x5217
      0000FC F6               [ 1]  362 	ld	a, (x)
      0000FD 5F               [ 1]  363 	clrw	x
      0000FE 97               [ 1]  364 	ld	xl, a
      0000FF 1F 01            [ 2]  365 	ldw	(0x01, sp), x
                                    366 ;	sensors.c: 76: I2C_DR = (addr << 1) | mode;
      000101 7B 06            [ 1]  367 	ld	a, (0x06, sp)
      000103 48               [ 1]  368 	sll	a
      000104 1A 07            [ 1]  369 	or	a, (0x07, sp)
      000106 AE 52 16         [ 2]  370 	ldw	x, #0x5216
      000109 F7               [ 1]  371 	ld	(x), a
                                    372 ;	sensors.c: 77: if (mode == I2C_READ) {
      00010A 7B 07            [ 1]  373 	ld	a, (0x07, sp)
      00010C A1 01            [ 1]  374 	cp	a, #0x01
      00010E 26 06            [ 1]  375 	jrne	00127$
      000110 A6 01            [ 1]  376 	ld	a, #0x01
      000112 6B 03            [ 1]  377 	ld	(0x03, sp), a
      000114 20 02            [ 2]  378 	jra	00128$
      000116                        379 00127$:
      000116 0F 03            [ 1]  380 	clr	(0x03, sp)
      000118                        381 00128$:
      000118 0D 03            [ 1]  382 	tnz	(0x03, sp)
      00011A 27 08            [ 1]  383 	jreq	00103$
                                    384 ;	sensors.c: 78: I2C_OARL = 0;
      00011C AE 52 13         [ 2]  385 	ldw	x, #0x5213
      00011F 7F               [ 1]  386 	clr	(x)
                                    387 ;	sensors.c: 79: I2C_OARH = 0;
      000120 AE 52 14         [ 2]  388 	ldw	x, #0x5214
      000123 7F               [ 1]  389 	clr	(x)
                                    390 ;	sensors.c: 82: while ((I2C_SR1 & I2C_ADDR) == 0);
      000124                        391 00103$:
                                    392 ;	sensors.c: 75: reg = I2C_SR1;
      000124 AE 52 17         [ 2]  393 	ldw	x, #0x5217
      000127 F6               [ 1]  394 	ld	a, (x)
                                    395 ;	sensors.c: 82: while ((I2C_SR1 & I2C_ADDR) == 0);
      000128 A5 02            [ 1]  396 	bcp	a, #0x02
      00012A 27 F8            [ 1]  397 	jreq	00103$
                                    398 ;	sensors.c: 83: if (mode == I2C_READ)
      00012C 0D 03            [ 1]  399 	tnz	(0x03, sp)
      00012E 27 06            [ 1]  400 	jreq	00108$
                                    401 ;	sensors.c: 84: UNSET (I2C_SR1, I2C_ADDR);
      000130 A4 FD            [ 1]  402 	and	a, #0xfd
      000132 AE 52 17         [ 2]  403 	ldw	x, #0x5217
      000135 F7               [ 1]  404 	ld	(x), a
      000136                        405 00108$:
      000136 5B 03            [ 2]  406 	addw	sp, #3
      000138 81               [ 4]  407 	ret
                                    408 ;	sensors.c: 87: void i2c_set_start_ack (void) {
                                    409 ;	-----------------------------------------
                                    410 ;	 function i2c_set_start_ack
                                    411 ;	-----------------------------------------
      000139                        412 _i2c_set_start_ack:
                                    413 ;	sensors.c: 88: I2C_CR2 = I2C_ACK | I2C_START;
      000139 AE 52 11         [ 2]  414 	ldw	x, #0x5211
      00013C A6 05            [ 1]  415 	ld	a, #0x05
      00013E F7               [ 1]  416 	ld	(x), a
                                    417 ;	sensors.c: 89: while ((I2C_SR1 & I2C_SB) == 0);
      00013F                        418 00101$:
      00013F AE 52 17         [ 2]  419 	ldw	x, #0x5217
      000142 F6               [ 1]  420 	ld	a, (x)
      000143 44               [ 1]  421 	srl	a
      000144 24 F9            [ 1]  422 	jrnc	00101$
      000146 81               [ 4]  423 	ret
                                    424 ;	sensors.c: 96: void print_byte_hex (unsigned char buffer) {
                                    425 ;	-----------------------------------------
                                    426 ;	 function print_byte_hex
                                    427 ;	-----------------------------------------
      000147                        428 _print_byte_hex:
      000147 52 0C            [ 2]  429 	sub	sp, #12
                                    430 ;	sensors.c: 99: a = (buffer >> 4);
      000149 7B 0F            [ 1]  431 	ld	a, (0x0f, sp)
      00014B 4E               [ 1]  432 	swap	a
      00014C A4 0F            [ 1]  433 	and	a, #0x0f
      00014E 5F               [ 1]  434 	clrw	x
      00014F 97               [ 1]  435 	ld	xl, a
                                    436 ;	sensors.c: 100: if (a > 9)
      000150 A3 00 09         [ 2]  437 	cpw	x, #0x0009
      000153 2D 07            [ 1]  438 	jrsle	00102$
                                    439 ;	sensors.c: 101: a = a + 'a' - 10;
      000155 1C 00 57         [ 2]  440 	addw	x, #0x0057
      000158 1F 0B            [ 2]  441 	ldw	(0x0b, sp), x
      00015A 20 05            [ 2]  442 	jra	00103$
      00015C                        443 00102$:
                                    444 ;	sensors.c: 103: a += '0'; 
      00015C 1C 00 30         [ 2]  445 	addw	x, #0x0030
      00015F 1F 0B            [ 2]  446 	ldw	(0x0b, sp), x
      000161                        447 00103$:
                                    448 ;	sensors.c: 104: b = buffer & 0x0f;
      000161 7B 0F            [ 1]  449 	ld	a, (0x0f, sp)
      000163 A4 0F            [ 1]  450 	and	a, #0x0f
      000165 5F               [ 1]  451 	clrw	x
      000166 97               [ 1]  452 	ld	xl, a
                                    453 ;	sensors.c: 105: if (b > 9)
      000167 A3 00 09         [ 2]  454 	cpw	x, #0x0009
      00016A 2D 07            [ 1]  455 	jrsle	00105$
                                    456 ;	sensors.c: 106: b = b + 'a' - 10;
      00016C 1C 00 57         [ 2]  457 	addw	x, #0x0057
      00016F 1F 09            [ 2]  458 	ldw	(0x09, sp), x
      000171 20 05            [ 2]  459 	jra	00106$
      000173                        460 00105$:
                                    461 ;	sensors.c: 108: b += '0'; 
      000173 1C 00 30         [ 2]  462 	addw	x, #0x0030
      000176 1F 09            [ 2]  463 	ldw	(0x09, sp), x
      000178                        464 00106$:
                                    465 ;	sensors.c: 109: message[0] = a;
      000178 90 96            [ 1]  466 	ldw	y, sp
      00017A 90 5C            [ 2]  467 	incw	y
      00017C 7B 0C            [ 1]  468 	ld	a, (0x0c, sp)
      00017E 90 F7            [ 1]  469 	ld	(y), a
                                    470 ;	sensors.c: 110: message[1] = b;
      000180 93               [ 1]  471 	ldw	x, y
      000181 5C               [ 2]  472 	incw	x
      000182 7B 0A            [ 1]  473 	ld	a, (0x0a, sp)
      000184 F7               [ 1]  474 	ld	(x), a
                                    475 ;	sensors.c: 111: message[2] = 0;
      000185 93               [ 1]  476 	ldw	x, y
      000186 5C               [ 2]  477 	incw	x
      000187 5C               [ 2]  478 	incw	x
      000188 7F               [ 1]  479 	clr	(x)
                                    480 ;	sensors.c: 112: UARTPrintF (message);
      000189 90 89            [ 2]  481 	pushw	y
      00018B CDr00rE0         [ 4]  482 	call	_UARTPrintF
      00018E 5B 02            [ 2]  483 	addw	sp, #2
      000190 5B 0C            [ 2]  484 	addw	sp, #12
      000192 81               [ 4]  485 	ret
                                    486 ;	sensors.c: 116: unsigned char i2c_read_register (UCHAR addr, UCHAR rg) {
                                    487 ;	-----------------------------------------
                                    488 ;	 function i2c_read_register
                                    489 ;	-----------------------------------------
      000193                        490 _i2c_read_register:
      000193 52 02            [ 2]  491 	sub	sp, #2
                                    492 ;	sensors.c: 119: i2c_set_start_ack ();
      000195 CDr01r39         [ 4]  493 	call	_i2c_set_start_ack
                                    494 ;	sensors.c: 120: i2c_send_address (addr, I2C_WRITE);
      000198 4B 00            [ 1]  495 	push	#0x00
      00019A 7B 06            [ 1]  496 	ld	a, (0x06, sp)
      00019C 88               [ 1]  497 	push	a
      00019D CDr00rF7         [ 4]  498 	call	_i2c_send_address
      0001A0 5B 02            [ 2]  499 	addw	sp, #2
                                    500 ;	sensors.c: 121: i2c_send_reg (rg);
      0001A2 7B 06            [ 1]  501 	ld	a, (0x06, sp)
      0001A4 88               [ 1]  502 	push	a
      0001A5 CDr00rBE         [ 4]  503 	call	_i2c_send_reg
      0001A8 84               [ 1]  504 	pop	a
                                    505 ;	sensors.c: 122: i2c_set_start_ack ();
      0001A9 CDr01r39         [ 4]  506 	call	_i2c_set_start_ack
                                    507 ;	sensors.c: 123: i2c_send_address (addr, I2C_READ);
      0001AC 4B 01            [ 1]  508 	push	#0x01
      0001AE 7B 06            [ 1]  509 	ld	a, (0x06, sp)
      0001B0 88               [ 1]  510 	push	a
      0001B1 CDr00rF7         [ 4]  511 	call	_i2c_send_address
      0001B4 5B 02            [ 2]  512 	addw	sp, #2
                                    513 ;	sensors.c: 124: reg = I2C_SR1;
      0001B6 AE 52 17         [ 2]  514 	ldw	x, #0x5217
      0001B9 F6               [ 1]  515 	ld	a, (x)
      0001BA 6B 01            [ 1]  516 	ld	(0x01, sp), a
                                    517 ;	sensors.c: 125: reg = I2C_SR3;
      0001BC AE 52 19         [ 2]  518 	ldw	x, #0x5219
      0001BF F6               [ 1]  519 	ld	a, (x)
      0001C0 6B 01            [ 1]  520 	ld	(0x01, sp), a
                                    521 ;	sensors.c: 126: i2c_set_nak ();
      0001C2 CDr00rAE         [ 4]  522 	call	_i2c_set_nak
                                    523 ;	sensors.c: 127: i2c_set_stop ();
      0001C5 CDr00rB6         [ 4]  524 	call	_i2c_set_stop
                                    525 ;	sensors.c: 128: i2c_read (&x);
      0001C8 96               [ 1]  526 	ldw	x, sp
      0001C9 5C               [ 2]  527 	incw	x
      0001CA 5C               [ 2]  528 	incw	x
      0001CB 89               [ 2]  529 	pushw	x
      0001CC CDr00r9D         [ 4]  530 	call	_i2c_read
      0001CF 5B 02            [ 2]  531 	addw	sp, #2
                                    532 ;	sensors.c: 129: return (x);
      0001D1 7B 02            [ 1]  533 	ld	a, (0x02, sp)
      0001D3 5B 02            [ 2]  534 	addw	sp, #2
      0001D5 81               [ 4]  535 	ret
                                    536 ;	sensors.c: 132: void InitializeI2C (void) {
                                    537 ;	-----------------------------------------
                                    538 ;	 function InitializeI2C
                                    539 ;	-----------------------------------------
      0001D6                        540 _InitializeI2C:
                                    541 ;	sensors.c: 133: I2C_CR1 = 0;   //  Disable I2C before configuration starts. PE bit is bit 0
      0001D6 AE 52 10         [ 2]  542 	ldw	x, #0x5210
      0001D9 7F               [ 1]  543 	clr	(x)
                                    544 ;	sensors.c: 137: I2C_FREQR = 16;                     //  Set the internal clock frequency (MHz).
      0001DA AE 52 12         [ 2]  545 	ldw	x, #0x5212
      0001DD A6 10            [ 1]  546 	ld	a, #0x10
      0001DF F7               [ 1]  547 	ld	(x), a
                                    548 ;	sensors.c: 138: UNSET (I2C_CCRH, I2C_FS);           //  I2C running is standard mode.
      0001E0 72 17 52 1C      [ 1]  549 	bres	0x521c, #7
                                    550 ;	sensors.c: 140: I2C_CCRL = 0xa0;                    //  SCL clock speed is 50 kHz.
      0001E4 AE 52 1B         [ 2]  551 	ldw	x, #0x521b
      0001E7 A6 A0            [ 1]  552 	ld	a, #0xa0
      0001E9 F7               [ 1]  553 	ld	(x), a
                                    554 ;	sensors.c: 142: I2C_CCRH &= 0x00;	// Clears lower 4 bits "CCR"
      0001EA AE 52 1C         [ 2]  555 	ldw	x, #0x521c
      0001ED 7F               [ 1]  556 	clr	(x)
                                    557 ;	sensors.c: 146: UNSET (I2C_OARH, I2C_ADDMODE);      //  7 bit address mode.
      0001EE 72 17 52 14      [ 1]  558 	bres	0x5214, #7
                                    559 ;	sensors.c: 147: SET (I2C_OARH, I2C_ADDCONF);        //  Docs say this must always be 1.
      0001F2 AE 52 14         [ 2]  560 	ldw	x, #0x5214
      0001F5 F6               [ 1]  561 	ld	a, (x)
      0001F6 AA 40            [ 1]  562 	or	a, #0x40
      0001F8 F7               [ 1]  563 	ld	(x), a
                                    564 ;	sensors.c: 151: I2C_TRISER = 17;
      0001F9 AE 52 1D         [ 2]  565 	ldw	x, #0x521d
      0001FC A6 11            [ 1]  566 	ld	a, #0x11
      0001FE F7               [ 1]  567 	ld	(x), a
                                    568 ;	sensors.c: 159: I2C_CR1 = I2C_PE;	// Enables port
      0001FF AE 52 10         [ 2]  569 	ldw	x, #0x5210
      000202 A6 01            [ 1]  570 	ld	a, #0x01
      000204 F7               [ 1]  571 	ld	(x), a
      000205 81               [ 4]  572 	ret
                                    573 ;	sensors.c: 165: void InitializeUART() {
                                    574 ;	-----------------------------------------
                                    575 ;	 function InitializeUART
                                    576 ;	-----------------------------------------
      000206                        577 _InitializeUART:
                                    578 ;	sensors.c: 175: UART1_CR1 = 0;
      000206 AE 52 34         [ 2]  579 	ldw	x, #0x5234
      000209 7F               [ 1]  580 	clr	(x)
                                    581 ;	sensors.c: 176: UART1_CR2 = 0;
      00020A AE 52 35         [ 2]  582 	ldw	x, #0x5235
      00020D 7F               [ 1]  583 	clr	(x)
                                    584 ;	sensors.c: 177: UART1_CR4 = 0;
      00020E AE 52 37         [ 2]  585 	ldw	x, #0x5237
      000211 7F               [ 1]  586 	clr	(x)
                                    587 ;	sensors.c: 178: UART1_CR3 = 0;
      000212 AE 52 36         [ 2]  588 	ldw	x, #0x5236
      000215 7F               [ 1]  589 	clr	(x)
                                    590 ;	sensors.c: 179: UART1_CR5 = 0;
      000216 AE 52 38         [ 2]  591 	ldw	x, #0x5238
      000219 7F               [ 1]  592 	clr	(x)
                                    593 ;	sensors.c: 180: UART1_GTR = 0;
      00021A AE 52 39         [ 2]  594 	ldw	x, #0x5239
      00021D 7F               [ 1]  595 	clr	(x)
                                    596 ;	sensors.c: 181: UART1_PSCR = 0;
      00021E AE 52 3A         [ 2]  597 	ldw	x, #0x523a
      000221 7F               [ 1]  598 	clr	(x)
                                    599 ;	sensors.c: 185: UNSET (UART1_CR1, CR1_M);        //  8 Data bits.
      000222 AE 52 34         [ 2]  600 	ldw	x, #0x5234
      000225 F6               [ 1]  601 	ld	a, (x)
      000226 A4 EF            [ 1]  602 	and	a, #0xef
      000228 F7               [ 1]  603 	ld	(x), a
                                    604 ;	sensors.c: 186: UNSET (UART1_CR1, CR1_PCEN);     //  Disable parity.
      000229 AE 52 34         [ 2]  605 	ldw	x, #0x5234
      00022C F6               [ 1]  606 	ld	a, (x)
      00022D A4 FB            [ 1]  607 	and	a, #0xfb
      00022F F7               [ 1]  608 	ld	(x), a
                                    609 ;	sensors.c: 187: UNSET (UART1_CR3, CR3_STOPH);    //  1 stop bit.
      000230 AE 52 36         [ 2]  610 	ldw	x, #0x5236
      000233 F6               [ 1]  611 	ld	a, (x)
      000234 A4 DF            [ 1]  612 	and	a, #0xdf
      000236 F7               [ 1]  613 	ld	(x), a
                                    614 ;	sensors.c: 188: UNSET (UART1_CR3, CR3_STOPL);    //  1 stop bit.
      000237 AE 52 36         [ 2]  615 	ldw	x, #0x5236
      00023A F6               [ 1]  616 	ld	a, (x)
      00023B A4 EF            [ 1]  617 	and	a, #0xef
      00023D F7               [ 1]  618 	ld	(x), a
                                    619 ;	sensors.c: 189: UART1_BRR2 = 0x0a;      //  Set the baud rate registers to 115200 baud
      00023E AE 52 33         [ 2]  620 	ldw	x, #0x5233
      000241 A6 0A            [ 1]  621 	ld	a, #0x0a
      000243 F7               [ 1]  622 	ld	(x), a
                                    623 ;	sensors.c: 190: UART1_BRR1 = 0x08;      //  based upon a 16 MHz system clock.
      000244 AE 52 32         [ 2]  624 	ldw	x, #0x5232
      000247 A6 08            [ 1]  625 	ld	a, #0x08
      000249 F7               [ 1]  626 	ld	(x), a
                                    627 ;	sensors.c: 194: UNSET (UART1_CR2, CR2_TEN);      //  Disable transmit.
      00024A AE 52 35         [ 2]  628 	ldw	x, #0x5235
      00024D F6               [ 1]  629 	ld	a, (x)
      00024E A4 F7            [ 1]  630 	and	a, #0xf7
      000250 F7               [ 1]  631 	ld	(x), a
                                    632 ;	sensors.c: 195: UNSET (UART1_CR2, CR2_REN);      //  Disable receive.
      000251 AE 52 35         [ 2]  633 	ldw	x, #0x5235
      000254 F6               [ 1]  634 	ld	a, (x)
      000255 A4 FB            [ 1]  635 	and	a, #0xfb
      000257 F7               [ 1]  636 	ld	(x), a
                                    637 ;	sensors.c: 199: SET (UART1_CR3, CR3_CPOL);
      000258 AE 52 36         [ 2]  638 	ldw	x, #0x5236
      00025B F6               [ 1]  639 	ld	a, (x)
      00025C AA 04            [ 1]  640 	or	a, #0x04
      00025E F7               [ 1]  641 	ld	(x), a
                                    642 ;	sensors.c: 200: SET (UART1_CR3, CR3_CPHA);
      00025F AE 52 36         [ 2]  643 	ldw	x, #0x5236
      000262 F6               [ 1]  644 	ld	a, (x)
      000263 AA 02            [ 1]  645 	or	a, #0x02
      000265 F7               [ 1]  646 	ld	(x), a
                                    647 ;	sensors.c: 201: SET (UART1_CR3, CR3_LBCL);
      000266 72 10 52 36      [ 1]  648 	bset	0x5236, #0
                                    649 ;	sensors.c: 205: SET (UART1_CR2, CR2_TEN);
      00026A AE 52 35         [ 2]  650 	ldw	x, #0x5235
      00026D F6               [ 1]  651 	ld	a, (x)
      00026E AA 08            [ 1]  652 	or	a, #0x08
      000270 F7               [ 1]  653 	ld	(x), a
                                    654 ;	sensors.c: 206: SET (UART1_CR2, CR2_REN);
      000271 AE 52 35         [ 2]  655 	ldw	x, #0x5235
      000274 F6               [ 1]  656 	ld	a, (x)
      000275 AA 04            [ 1]  657 	or	a, #0x04
      000277 F7               [ 1]  658 	ld	(x), a
                                    659 ;	sensors.c: 207: UART1_CR3 = CR3_CLKEN;
      000278 AE 52 36         [ 2]  660 	ldw	x, #0x5236
      00027B A6 08            [ 1]  661 	ld	a, #0x08
      00027D F7               [ 1]  662 	ld	(x), a
      00027E 81               [ 4]  663 	ret
                                    664 ;	sensors.c: 235: void tm1637Init(void)
                                    665 ;	-----------------------------------------
                                    666 ;	 function tm1637Init
                                    667 ;	-----------------------------------------
      00027F                        668 _tm1637Init:
                                    669 ;	sensors.c: 237: tm1637SetBrightness(8);
      00027F 4B 08            [ 1]  670 	push	#0x08
      000281 CDr03r24         [ 4]  671 	call	_tm1637SetBrightness
      000284 84               [ 1]  672 	pop	a
      000285 81               [ 4]  673 	ret
                                    674 ;	sensors.c: 242: void tm1637DisplayDecimal(long TT,unsigned int displaySeparator)
                                    675 ;	-----------------------------------------
                                    676 ;	 function tm1637DisplayDecimal
                                    677 ;	-----------------------------------------
      000286                        678 _tm1637DisplayDecimal:
      000286 52 13            [ 2]  679 	sub	sp, #19
                                    680 ;	sensors.c: 244: unsigned int v = TT & 0x0000FFFF;
      000288 7B 19            [ 1]  681 	ld	a, (0x19, sp)
      00028A 97               [ 1]  682 	ld	xl, a
      00028B 7B 18            [ 1]  683 	ld	a, (0x18, sp)
      00028D 95               [ 1]  684 	ld	xh, a
      00028E 0F 0D            [ 1]  685 	clr	(0x0d, sp)
      000290 4F               [ 1]  686 	clr	a
      000291 1F 07            [ 2]  687 	ldw	(0x07, sp), x
                                    688 ;	sensors.c: 250: for (ii = 0; ii < 4; ++ii) {
      000293 96               [ 1]  689 	ldw	x, sp
      000294 5C               [ 2]  690 	incw	x
      000295 1F 10            [ 2]  691 	ldw	(0x10, sp), x
      000297 AEr05rA5         [ 2]  692 	ldw	x, #_segmentMap+0
      00029A 1F 12            [ 2]  693 	ldw	(0x12, sp), x
      00029C 90 5F            [ 1]  694 	clrw	y
      00029E                        695 00106$:
                                    696 ;	sensors.c: 251: digitArr[ii] = segmentMap[v % 10];
      00029E 93               [ 1]  697 	ldw	x, y
      00029F 72 FB 10         [ 2]  698 	addw	x, (0x10, sp)
      0002A2 1F 09            [ 2]  699 	ldw	(0x09, sp), x
      0002A4 90 89            [ 2]  700 	pushw	y
      0002A6 1E 09            [ 2]  701 	ldw	x, (0x09, sp)
      0002A8 90 AE 00 0A      [ 2]  702 	ldw	y, #0x000a
      0002AC 65               [ 2]  703 	divw	x, y
      0002AD 93               [ 1]  704 	ldw	x, y
      0002AE 90 85            [ 2]  705 	popw	y
      0002B0 72 FB 12         [ 2]  706 	addw	x, (0x12, sp)
      0002B3 F6               [ 1]  707 	ld	a, (x)
      0002B4 1E 09            [ 2]  708 	ldw	x, (0x09, sp)
      0002B6 F7               [ 1]  709 	ld	(x), a
                                    710 ;	sensors.c: 252: if (ii == 2 && displaySeparator) {
      0002B7 90 A3 00 02      [ 2]  711 	cpw	y, #0x0002
      0002BB 26 0C            [ 1]  712 	jrne	00102$
      0002BD 1E 1A            [ 2]  713 	ldw	x, (0x1a, sp)
      0002BF 27 08            [ 1]  714 	jreq	00102$
                                    715 ;	sensors.c: 253: digitArr[ii] |= 1 << 7;
      0002C1 1E 09            [ 2]  716 	ldw	x, (0x09, sp)
      0002C3 F6               [ 1]  717 	ld	a, (x)
      0002C4 AA 80            [ 1]  718 	or	a, #0x80
      0002C6 1E 09            [ 2]  719 	ldw	x, (0x09, sp)
      0002C8 F7               [ 1]  720 	ld	(x), a
      0002C9                        721 00102$:
                                    722 ;	sensors.c: 255: v /= 10;
      0002C9 90 89            [ 2]  723 	pushw	y
      0002CB 1E 09            [ 2]  724 	ldw	x, (0x09, sp)
      0002CD 90 AE 00 0A      [ 2]  725 	ldw	y, #0x000a
      0002D1 65               [ 2]  726 	divw	x, y
      0002D2 90 85            [ 2]  727 	popw	y
      0002D4 1F 07            [ 2]  728 	ldw	(0x07, sp), x
                                    729 ;	sensors.c: 250: for (ii = 0; ii < 4; ++ii) {
      0002D6 90 5C            [ 2]  730 	incw	y
      0002D8 90 A3 00 04      [ 2]  731 	cpw	y, #0x0004
      0002DC 25 C0            [ 1]  732 	jrc	00106$
                                    733 ;	sensors.c: 258: _tm1637Start();
      0002DE CDr03r36         [ 4]  734 	call	__tm1637Start
                                    735 ;	sensors.c: 259: _tm1637WriteByte(0x40);
      0002E1 4B 40            [ 1]  736 	push	#0x40
      0002E3 CDr03r8A         [ 4]  737 	call	__tm1637WriteByte
      0002E6 84               [ 1]  738 	pop	a
                                    739 ;	sensors.c: 260: _tm1637ReadResult();
      0002E7 CDr03r6F         [ 4]  740 	call	__tm1637ReadResult
                                    741 ;	sensors.c: 261: _tm1637Stop();
      0002EA CDr03r48         [ 4]  742 	call	__tm1637Stop
                                    743 ;	sensors.c: 263: _tm1637Start();
      0002ED CDr03r36         [ 4]  744 	call	__tm1637Start
                                    745 ;	sensors.c: 264: _tm1637WriteByte(0xc0);
      0002F0 4B C0            [ 1]  746 	push	#0xc0
      0002F2 CDr03r8A         [ 4]  747 	call	__tm1637WriteByte
      0002F5 84               [ 1]  748 	pop	a
                                    749 ;	sensors.c: 265: _tm1637ReadResult();
      0002F6 CDr03r6F         [ 4]  750 	call	__tm1637ReadResult
                                    751 ;	sensors.c: 267: for (ii = 0; ii < 4; ++ii) {
      0002F9 5F               [ 1]  752 	clrw	x
      0002FA 1F 05            [ 2]  753 	ldw	(0x05, sp), x
      0002FC                        754 00108$:
                                    755 ;	sensors.c: 268: _tm1637WriteByte(digitArr[3 - ii]);
      0002FC 7B 06            [ 1]  756 	ld	a, (0x06, sp)
      0002FE 6B 0B            [ 1]  757 	ld	(0x0b, sp), a
      000300 A6 03            [ 1]  758 	ld	a, #0x03
      000302 10 0B            [ 1]  759 	sub	a, (0x0b, sp)
      000304 5F               [ 1]  760 	clrw	x
      000305 97               [ 1]  761 	ld	xl, a
      000306 72 FB 10         [ 2]  762 	addw	x, (0x10, sp)
      000309 F6               [ 1]  763 	ld	a, (x)
      00030A 88               [ 1]  764 	push	a
      00030B CDr03r8A         [ 4]  765 	call	__tm1637WriteByte
      00030E 84               [ 1]  766 	pop	a
                                    767 ;	sensors.c: 269: _tm1637ReadResult();
      00030F CDr03r6F         [ 4]  768 	call	__tm1637ReadResult
                                    769 ;	sensors.c: 267: for (ii = 0; ii < 4; ++ii) {
      000312 1E 05            [ 2]  770 	ldw	x, (0x05, sp)
      000314 5C               [ 2]  771 	incw	x
      000315 1F 05            [ 2]  772 	ldw	(0x05, sp), x
      000317 1E 05            [ 2]  773 	ldw	x, (0x05, sp)
      000319 A3 00 04         [ 2]  774 	cpw	x, #0x0004
      00031C 25 DE            [ 1]  775 	jrc	00108$
                                    776 ;	sensors.c: 272: _tm1637Stop();
      00031E CDr03r48         [ 4]  777 	call	__tm1637Stop
      000321 5B 13            [ 2]  778 	addw	sp, #19
      000323 81               [ 4]  779 	ret
                                    780 ;	sensors.c: 277: void tm1637SetBrightness(char brightness)
                                    781 ;	-----------------------------------------
                                    782 ;	 function tm1637SetBrightness
                                    783 ;	-----------------------------------------
      000324                        784 _tm1637SetBrightness:
                                    785 ;	sensors.c: 284: _tm1637Start();
      000324 CDr03r36         [ 4]  786 	call	__tm1637Start
                                    787 ;	sensors.c: 285: _tm1637WriteByte(0x87 + brightness);
      000327 7B 03            [ 1]  788 	ld	a, (0x03, sp)
      000329 AB 87            [ 1]  789 	add	a, #0x87
      00032B 88               [ 1]  790 	push	a
      00032C CDr03r8A         [ 4]  791 	call	__tm1637WriteByte
      00032F 84               [ 1]  792 	pop	a
                                    793 ;	sensors.c: 286: _tm1637ReadResult();
      000330 CDr03r6F         [ 4]  794 	call	__tm1637ReadResult
                                    795 ;	sensors.c: 287: _tm1637Stop();
      000333 CCr03r48         [ 2]  796 	jp	__tm1637Stop
                                    797 ;	sensors.c: 290: void _tm1637Start(void)
                                    798 ;	-----------------------------------------
                                    799 ;	 function _tm1637Start
                                    800 ;	-----------------------------------------
      000336                        801 __tm1637Start:
                                    802 ;	sensors.c: 292: _tm1637ClkHigh();
      000336 CDr03rC8         [ 4]  803 	call	__tm1637ClkHigh
                                    804 ;	sensors.c: 293: _tm1637DioHigh();
      000339 CDr03rD8         [ 4]  805 	call	__tm1637DioHigh
                                    806 ;	sensors.c: 294: delay(5);
      00033C 4B 05            [ 1]  807 	push	#0x05
      00033E 4B 00            [ 1]  808 	push	#0x00
      000340 CDr00r52         [ 4]  809 	call	_delay
      000343 5B 02            [ 2]  810 	addw	sp, #2
                                    811 ;	sensors.c: 295: _tm1637DioLow();
      000345 CCr03rE0         [ 2]  812 	jp	__tm1637DioLow
                                    813 ;	sensors.c: 298: void _tm1637Stop(void)
                                    814 ;	-----------------------------------------
                                    815 ;	 function _tm1637Stop
                                    816 ;	-----------------------------------------
      000348                        817 __tm1637Stop:
                                    818 ;	sensors.c: 300: _tm1637ClkLow();
      000348 CDr03rD0         [ 4]  819 	call	__tm1637ClkLow
                                    820 ;	sensors.c: 301: delay(5);
      00034B 4B 05            [ 1]  821 	push	#0x05
      00034D 4B 00            [ 1]  822 	push	#0x00
      00034F CDr00r52         [ 4]  823 	call	_delay
      000352 5B 02            [ 2]  824 	addw	sp, #2
                                    825 ;	sensors.c: 302: _tm1637DioLow();
      000354 CDr03rE0         [ 4]  826 	call	__tm1637DioLow
                                    827 ;	sensors.c: 303: delay(5);
      000357 4B 05            [ 1]  828 	push	#0x05
      000359 4B 00            [ 1]  829 	push	#0x00
      00035B CDr00r52         [ 4]  830 	call	_delay
      00035E 5B 02            [ 2]  831 	addw	sp, #2
                                    832 ;	sensors.c: 304: _tm1637ClkHigh();
      000360 CDr03rC8         [ 4]  833 	call	__tm1637ClkHigh
                                    834 ;	sensors.c: 305: delay(5);
      000363 4B 05            [ 1]  835 	push	#0x05
      000365 4B 00            [ 1]  836 	push	#0x00
      000367 CDr00r52         [ 4]  837 	call	_delay
      00036A 5B 02            [ 2]  838 	addw	sp, #2
                                    839 ;	sensors.c: 306: _tm1637DioHigh();
      00036C CCr03rD8         [ 2]  840 	jp	__tm1637DioHigh
                                    841 ;	sensors.c: 309: void _tm1637ReadResult(void)
                                    842 ;	-----------------------------------------
                                    843 ;	 function _tm1637ReadResult
                                    844 ;	-----------------------------------------
      00036F                        845 __tm1637ReadResult:
                                    846 ;	sensors.c: 311: _tm1637ClkLow();
      00036F CDr03rD0         [ 4]  847 	call	__tm1637ClkLow
                                    848 ;	sensors.c: 312: delay(5);
      000372 4B 05            [ 1]  849 	push	#0x05
      000374 4B 00            [ 1]  850 	push	#0x00
      000376 CDr00r52         [ 4]  851 	call	_delay
      000379 5B 02            [ 2]  852 	addw	sp, #2
                                    853 ;	sensors.c: 314: _tm1637ClkHigh();
      00037B CDr03rC8         [ 4]  854 	call	__tm1637ClkHigh
                                    855 ;	sensors.c: 315: delay(5);
      00037E 4B 05            [ 1]  856 	push	#0x05
      000380 4B 00            [ 1]  857 	push	#0x00
      000382 CDr00r52         [ 4]  858 	call	_delay
      000385 5B 02            [ 2]  859 	addw	sp, #2
                                    860 ;	sensors.c: 316: _tm1637ClkLow();
      000387 CCr03rD0         [ 2]  861 	jp	__tm1637ClkLow
                                    862 ;	sensors.c: 319: void _tm1637WriteByte(unsigned char b)
                                    863 ;	-----------------------------------------
                                    864 ;	 function _tm1637WriteByte
                                    865 ;	-----------------------------------------
      00038A                        866 __tm1637WriteByte:
      00038A 52 02            [ 2]  867 	sub	sp, #2
                                    868 ;	sensors.c: 321: for (ii = 0; ii < 8; ++ii) {
      00038C 5F               [ 1]  869 	clrw	x
      00038D 1F 01            [ 2]  870 	ldw	(0x01, sp), x
      00038F                        871 00105$:
                                    872 ;	sensors.c: 322: _tm1637ClkLow();
      00038F CDr03rD0         [ 4]  873 	call	__tm1637ClkLow
                                    874 ;	sensors.c: 323: if (b & 0x01) {
      000392 7B 05            [ 1]  875 	ld	a, (0x05, sp)
      000394 44               [ 1]  876 	srl	a
      000395 24 05            [ 1]  877 	jrnc	00102$
                                    878 ;	sensors.c: 324: _tm1637DioHigh();
      000397 CDr03rD8         [ 4]  879 	call	__tm1637DioHigh
      00039A 20 03            [ 2]  880 	jra	00103$
      00039C                        881 00102$:
                                    882 ;	sensors.c: 327: _tm1637DioLow();
      00039C CDr03rE0         [ 4]  883 	call	__tm1637DioLow
      00039F                        884 00103$:
                                    885 ;	sensors.c: 329: delay(15);
      00039F 4B 0F            [ 1]  886 	push	#0x0f
      0003A1 4B 00            [ 1]  887 	push	#0x00
      0003A3 CDr00r52         [ 4]  888 	call	_delay
      0003A6 5B 02            [ 2]  889 	addw	sp, #2
                                    890 ;	sensors.c: 330: b >>= 1;
      0003A8 7B 05            [ 1]  891 	ld	a, (0x05, sp)
      0003AA 44               [ 1]  892 	srl	a
      0003AB 6B 05            [ 1]  893 	ld	(0x05, sp), a
                                    894 ;	sensors.c: 331: _tm1637ClkHigh();
      0003AD CDr03rC8         [ 4]  895 	call	__tm1637ClkHigh
                                    896 ;	sensors.c: 332: delay(15);
      0003B0 4B 0F            [ 1]  897 	push	#0x0f
      0003B2 4B 00            [ 1]  898 	push	#0x00
      0003B4 CDr00r52         [ 4]  899 	call	_delay
      0003B7 5B 02            [ 2]  900 	addw	sp, #2
                                    901 ;	sensors.c: 321: for (ii = 0; ii < 8; ++ii) {
      0003B9 1E 01            [ 2]  902 	ldw	x, (0x01, sp)
      0003BB 5C               [ 2]  903 	incw	x
      0003BC 1F 01            [ 2]  904 	ldw	(0x01, sp), x
      0003BE 1E 01            [ 2]  905 	ldw	x, (0x01, sp)
      0003C0 A3 00 08         [ 2]  906 	cpw	x, #0x0008
      0003C3 2F CA            [ 1]  907 	jrslt	00105$
      0003C5 5B 02            [ 2]  908 	addw	sp, #2
      0003C7 81               [ 4]  909 	ret
                                    910 ;	sensors.c: 338: void _tm1637ClkHigh(void)
                                    911 ;	-----------------------------------------
                                    912 ;	 function _tm1637ClkHigh
                                    913 ;	-----------------------------------------
      0003C8                        914 __tm1637ClkHigh:
                                    915 ;	sensors.c: 343: PD_ODR |= 1 << 2;
      0003C8 AE 50 0F         [ 2]  916 	ldw	x, #0x500f
      0003CB F6               [ 1]  917 	ld	a, (x)
      0003CC AA 04            [ 1]  918 	or	a, #0x04
      0003CE F7               [ 1]  919 	ld	(x), a
      0003CF 81               [ 4]  920 	ret
                                    921 ;	sensors.c: 346: void _tm1637ClkLow(void)
                                    922 ;	-----------------------------------------
                                    923 ;	 function _tm1637ClkLow
                                    924 ;	-----------------------------------------
      0003D0                        925 __tm1637ClkLow:
                                    926 ;	sensors.c: 350: PD_ODR &= ~(1 << 2);
      0003D0 AE 50 0F         [ 2]  927 	ldw	x, #0x500f
      0003D3 F6               [ 1]  928 	ld	a, (x)
      0003D4 A4 FB            [ 1]  929 	and	a, #0xfb
      0003D6 F7               [ 1]  930 	ld	(x), a
      0003D7 81               [ 4]  931 	ret
                                    932 ;	sensors.c: 356: void _tm1637DioHigh(void)
                                    933 ;	-----------------------------------------
                                    934 ;	 function _tm1637DioHigh
                                    935 ;	-----------------------------------------
      0003D8                        936 __tm1637DioHigh:
                                    937 ;	sensors.c: 360: PD_ODR |= 1 << 3;
      0003D8 AE 50 0F         [ 2]  938 	ldw	x, #0x500f
      0003DB F6               [ 1]  939 	ld	a, (x)
      0003DC AA 08            [ 1]  940 	or	a, #0x08
      0003DE F7               [ 1]  941 	ld	(x), a
      0003DF 81               [ 4]  942 	ret
                                    943 ;	sensors.c: 364: void _tm1637DioLow(void)
                                    944 ;	-----------------------------------------
                                    945 ;	 function _tm1637DioLow
                                    946 ;	-----------------------------------------
      0003E0                        947 __tm1637DioLow:
                                    948 ;	sensors.c: 366: PD_ODR &= ~(1 << 3);
      0003E0 AE 50 0F         [ 2]  949 	ldw	x, #0x500f
      0003E3 F6               [ 1]  950 	ld	a, (x)
      0003E4 A4 F7            [ 1]  951 	and	a, #0xf7
      0003E6 F7               [ 1]  952 	ld	(x), a
      0003E7 81               [ 4]  953 	ret
                                    954 ;	sensors.c: 380: int main () {
                                    955 ;	-----------------------------------------
                                    956 ;	 function main
                                    957 ;	-----------------------------------------
      0003E8                        958 _main:
      0003E8 52 1C            [ 2]  959 	sub	sp, #28
                                    960 ;	sensors.c: 387: InitializeSystemClock();
      0003EA CDr00r08         [ 4]  961 	call	_InitializeSystemClock
                                    962 ;	sensors.c: 390: PD_DDR = (1 << 3) | (1 << 2); // output mode
      0003ED AE 50 11         [ 2]  963 	ldw	x, #0x5011
      0003F0 A6 0C            [ 1]  964 	ld	a, #0x0c
      0003F2 F7               [ 1]  965 	ld	(x), a
                                    966 ;	sensors.c: 391: PD_CR1 = (1 << 3) | (1 << 2); // push-pull
      0003F3 AE 50 12         [ 2]  967 	ldw	x, #0x5012
      0003F6 A6 0C            [ 1]  968 	ld	a, #0x0c
      0003F8 F7               [ 1]  969 	ld	(x), a
                                    970 ;	sensors.c: 392: PD_CR2 = (1 << 3) | (1 << 2); // up to 10MHz speed
      0003F9 AE 50 13         [ 2]  971 	ldw	x, #0x5013
      0003FC A6 0C            [ 1]  972 	ld	a, #0x0c
      0003FE F7               [ 1]  973 	ld	(x), a
                                    974 ;	sensors.c: 393: tm1637Init();
      0003FF CDr02r7F         [ 4]  975 	call	_tm1637Init
                                    976 ;	sensors.c: 395: InitializeUART();
      000402 CDr02r06         [ 4]  977 	call	_InitializeUART
                                    978 ;	sensors.c: 396: InitializeI2C();
      000405 CDr01rD6         [ 4]  979 	call	_InitializeI2C
                                    980 ;	sensors.c: 399: while (1) {
      000408                        981 00114$:
                                    982 ;	sensors.c: 401: i2c_set_start_ack ();
      000408 CDr01r39         [ 4]  983 	call	_i2c_set_start_ack
                                    984 ;	sensors.c: 402: i2c_send_address (MLX90614_ADDR, I2C_WRITE);
      00040B 4B 00            [ 1]  985 	push	#0x00
      00040D 4B 5A            [ 1]  986 	push	#0x5a
      00040F CDr00rF7         [ 4]  987 	call	_i2c_send_address
      000412 5B 02            [ 2]  988 	addw	sp, #2
                                    989 ;	sensors.c: 403: i2c_send_reg(0x07); // object temperature		
      000414 4B 07            [ 1]  990 	push	#0x07
      000416 CDr00rBE         [ 4]  991 	call	_i2c_send_reg
      000419 84               [ 1]  992 	pop	a
                                    993 ;	sensors.c: 405: i2c_set_start_ack ();
      00041A CDr01r39         [ 4]  994 	call	_i2c_set_start_ack
                                    995 ;	sensors.c: 406: i2c_send_address (MLX90614_ADDR, I2C_READ);
      00041D 4B 01            [ 1]  996 	push	#0x01
      00041F 4B 5A            [ 1]  997 	push	#0x5a
      000421 CDr00rF7         [ 4]  998 	call	_i2c_send_address
      000424 5B 02            [ 2]  999 	addw	sp, #2
                                   1000 ;	sensors.c: 407: reg = I2C_SR1;
      000426 AE 52 17         [ 2] 1001 	ldw	x, #0x5217
      000429 F6               [ 1] 1002 	ld	a, (x)
      00042A 5F               [ 1] 1003 	clrw	x
      00042B 97               [ 1] 1004 	ld	xl, a
      00042C 1F 0C            [ 2] 1005 	ldw	(0x0c, sp), x
                                   1006 ;	sensors.c: 408: reg = I2C_SR3;
      00042E AE 52 19         [ 2] 1007 	ldw	x, #0x5219
      000431 F6               [ 1] 1008 	ld	a, (x)
      000432 5F               [ 1] 1009 	clrw	x
      000433 97               [ 1] 1010 	ld	xl, a
      000434 1F 0C            [ 2] 1011 	ldw	(0x0c, sp), x
                                   1012 ;	sensors.c: 410: i2c_set_nak();
      000436 CDr00rAE         [ 4] 1013 	call	_i2c_set_nak
                                   1014 ;	sensors.c: 412: i2c_read (&x);
      000439 96               [ 1] 1015 	ldw	x, sp
      00043A 1C 00 0E         [ 2] 1016 	addw	x, #14
      00043D 90 93            [ 1] 1017 	ldw	y, x
      00043F 89               [ 2] 1018 	pushw	x
      000440 90 89            [ 2] 1019 	pushw	y
      000442 CDr00r9D         [ 4] 1020 	call	_i2c_read
      000445 5B 02            [ 2] 1021 	addw	sp, #2
      000447 85               [ 2] 1022 	popw	x
                                   1023 ;	sensors.c: 413: p1=x;
      000448 7B 0E            [ 1] 1024 	ld	a, (0x0e, sp)
      00044A 6B 0B            [ 1] 1025 	ld	(0x0b, sp), a
                                   1026 ;	sensors.c: 414: i2c_read (&x);
      00044C 89               [ 2] 1027 	pushw	x
      00044D CDr00r9D         [ 4] 1028 	call	_i2c_read
      000450 5B 02            [ 2] 1029 	addw	sp, #2
                                   1030 ;	sensors.c: 415: p2=x;
      000452 7B 0E            [ 1] 1031 	ld	a, (0x0e, sp)
                                   1032 ;	sensors.c: 416: i2c_set_stop ();
      000454 88               [ 1] 1033 	push	a
      000455 CDr00rB6         [ 4] 1034 	call	_i2c_set_stop
      000458 84               [ 1] 1035 	pop	a
                                   1036 ;	sensors.c: 418: objTemp = ((((p2&0x007f)<<8)+p1)*2)-27315; //subtract kelvin for celcius
      000459 A4 7F            [ 1] 1037 	and	a, #0x7f
      00045B 5F               [ 1] 1038 	clrw	x
      00045C 97               [ 1] 1039 	ld	xl, a
      00045D 58               [ 2] 1040 	sllw	x
      00045E 58               [ 2] 1041 	sllw	x
      00045F 58               [ 2] 1042 	sllw	x
      000460 58               [ 2] 1043 	sllw	x
      000461 58               [ 2] 1044 	sllw	x
      000462 58               [ 2] 1045 	sllw	x
      000463 58               [ 2] 1046 	sllw	x
      000464 58               [ 2] 1047 	sllw	x
      000465 7B 0B            [ 1] 1048 	ld	a, (0x0b, sp)
      000467 6B 16            [ 1] 1049 	ld	(0x16, sp), a
      000469 7B 16            [ 1] 1050 	ld	a, (0x16, sp)
      00046B 49               [ 1] 1051 	rlc	a
      00046C 4F               [ 1] 1052 	clr	a
      00046D A2 00            [ 1] 1053 	sbc	a, #0x00
      00046F 6B 15            [ 1] 1054 	ld	(0x15, sp), a
      000471 72 FB 15         [ 2] 1055 	addw	x, (0x15, sp)
      000474 58               [ 2] 1056 	sllw	x
      000475 1D 6A B3         [ 2] 1057 	subw	x, #0x6ab3
      000478 89               [ 2] 1058 	pushw	x
      000479 CDr00r00         [ 4] 1059 	call	___sint2fs
      00047C 5B 02            [ 2] 1060 	addw	sp, #2
      00047E 1F 09            [ 2] 1061 	ldw	(0x09, sp), x
      000480 17 07            [ 2] 1062 	ldw	(0x07, sp), y
                                   1063 ;	sensors.c: 421: while (objTemp > 1000) {
      000482 5F               [ 1] 1064 	clrw	x
      000483 1F 01            [ 2] 1065 	ldw	(0x01, sp), x
      000485                       1066 00101$:
      000485 5F               [ 1] 1067 	clrw	x
      000486 89               [ 2] 1068 	pushw	x
      000487 4B 7A            [ 1] 1069 	push	#0x7a
      000489 4B 44            [ 1] 1070 	push	#0x44
      00048B 1E 0D            [ 2] 1071 	ldw	x, (0x0d, sp)
      00048D 89               [ 2] 1072 	pushw	x
      00048E 1E 0D            [ 2] 1073 	ldw	x, (0x0d, sp)
      000490 89               [ 2] 1074 	pushw	x
      000491 CDr00r00         [ 4] 1075 	call	___fsgt
      000494 5B 08            [ 2] 1076 	addw	sp, #8
      000496 4D               [ 1] 1077 	tnz	a
      000497 27 1C            [ 1] 1078 	jreq	00127$
                                   1079 ;	sensors.c: 422: vierde+=1;
      000499 1E 01            [ 2] 1080 	ldw	x, (0x01, sp)
      00049B 5C               [ 2] 1081 	incw	x
      00049C 1F 01            [ 2] 1082 	ldw	(0x01, sp), x
                                   1083 ;	sensors.c: 423: objTemp-=1000;
      00049E 5F               [ 1] 1084 	clrw	x
      00049F 89               [ 2] 1085 	pushw	x
      0004A0 4B 7A            [ 1] 1086 	push	#0x7a
      0004A2 4B 44            [ 1] 1087 	push	#0x44
      0004A4 1E 0D            [ 2] 1088 	ldw	x, (0x0d, sp)
      0004A6 89               [ 2] 1089 	pushw	x
      0004A7 1E 0D            [ 2] 1090 	ldw	x, (0x0d, sp)
      0004A9 89               [ 2] 1091 	pushw	x
      0004AA CDr00r00         [ 4] 1092 	call	___fssub
      0004AD 5B 08            [ 2] 1093 	addw	sp, #8
      0004AF 1F 09            [ 2] 1094 	ldw	(0x09, sp), x
      0004B1 17 07            [ 2] 1095 	ldw	(0x07, sp), y
      0004B3 20 D0            [ 2] 1096 	jra	00101$
                                   1097 ;	sensors.c: 425: while (objTemp > 100) {
      0004B5                       1098 00127$:
      0004B5 16 01            [ 2] 1099 	ldw	y, (0x01, sp)
      0004B7 17 13            [ 2] 1100 	ldw	(0x13, sp), y
      0004B9 5F               [ 1] 1101 	clrw	x
      0004BA 1F 03            [ 2] 1102 	ldw	(0x03, sp), x
      0004BC                       1103 00104$:
      0004BC 5F               [ 1] 1104 	clrw	x
      0004BD 89               [ 2] 1105 	pushw	x
      0004BE 4B C8            [ 1] 1106 	push	#0xc8
      0004C0 4B 42            [ 1] 1107 	push	#0x42
      0004C2 1E 0D            [ 2] 1108 	ldw	x, (0x0d, sp)
      0004C4 89               [ 2] 1109 	pushw	x
      0004C5 1E 0D            [ 2] 1110 	ldw	x, (0x0d, sp)
      0004C7 89               [ 2] 1111 	pushw	x
      0004C8 CDr00r00         [ 4] 1112 	call	___fsgt
      0004CB 5B 08            [ 2] 1113 	addw	sp, #8
      0004CD 4D               [ 1] 1114 	tnz	a
      0004CE 27 1C            [ 1] 1115 	jreq	00128$
                                   1116 ;	sensors.c: 426: derde+=1;
      0004D0 1E 03            [ 2] 1117 	ldw	x, (0x03, sp)
      0004D2 5C               [ 2] 1118 	incw	x
      0004D3 1F 03            [ 2] 1119 	ldw	(0x03, sp), x
                                   1120 ;	sensors.c: 427: objTemp-=100;
      0004D5 5F               [ 1] 1121 	clrw	x
      0004D6 89               [ 2] 1122 	pushw	x
      0004D7 4B C8            [ 1] 1123 	push	#0xc8
      0004D9 4B 42            [ 1] 1124 	push	#0x42
      0004DB 1E 0D            [ 2] 1125 	ldw	x, (0x0d, sp)
      0004DD 89               [ 2] 1126 	pushw	x
      0004DE 1E 0D            [ 2] 1127 	ldw	x, (0x0d, sp)
      0004E0 89               [ 2] 1128 	pushw	x
      0004E1 CDr00r00         [ 4] 1129 	call	___fssub
      0004E4 5B 08            [ 2] 1130 	addw	sp, #8
      0004E6 1F 09            [ 2] 1131 	ldw	(0x09, sp), x
      0004E8 17 07            [ 2] 1132 	ldw	(0x07, sp), y
      0004EA 20 D0            [ 2] 1133 	jra	00104$
                                   1134 ;	sensors.c: 429: while (objTemp > 10) {
      0004EC                       1135 00128$:
      0004EC 16 03            [ 2] 1136 	ldw	y, (0x03, sp)
      0004EE 17 11            [ 2] 1137 	ldw	(0x11, sp), y
      0004F0 5F               [ 1] 1138 	clrw	x
      0004F1 1F 05            [ 2] 1139 	ldw	(0x05, sp), x
      0004F3                       1140 00107$:
      0004F3 5F               [ 1] 1141 	clrw	x
      0004F4 89               [ 2] 1142 	pushw	x
      0004F5 4B 20            [ 1] 1143 	push	#0x20
      0004F7 4B 41            [ 1] 1144 	push	#0x41
      0004F9 1E 0D            [ 2] 1145 	ldw	x, (0x0d, sp)
      0004FB 89               [ 2] 1146 	pushw	x
      0004FC 1E 0D            [ 2] 1147 	ldw	x, (0x0d, sp)
      0004FE 89               [ 2] 1148 	pushw	x
      0004FF CDr00r00         [ 4] 1149 	call	___fsgt
      000502 5B 08            [ 2] 1150 	addw	sp, #8
      000504 4D               [ 1] 1151 	tnz	a
      000505 27 1C            [ 1] 1152 	jreq	00129$
                                   1153 ;	sensors.c: 430: tweede+=1;
      000507 1E 05            [ 2] 1154 	ldw	x, (0x05, sp)
      000509 5C               [ 2] 1155 	incw	x
      00050A 1F 05            [ 2] 1156 	ldw	(0x05, sp), x
                                   1157 ;	sensors.c: 431: objTemp-=10;
      00050C 5F               [ 1] 1158 	clrw	x
      00050D 89               [ 2] 1159 	pushw	x
      00050E 4B 20            [ 1] 1160 	push	#0x20
      000510 4B 41            [ 1] 1161 	push	#0x41
      000512 1E 0D            [ 2] 1162 	ldw	x, (0x0d, sp)
      000514 89               [ 2] 1163 	pushw	x
      000515 1E 0D            [ 2] 1164 	ldw	x, (0x0d, sp)
      000517 89               [ 2] 1165 	pushw	x
      000518 CDr00r00         [ 4] 1166 	call	___fssub
      00051B 5B 08            [ 2] 1167 	addw	sp, #8
      00051D 1F 09            [ 2] 1168 	ldw	(0x09, sp), x
      00051F 17 07            [ 2] 1169 	ldw	(0x07, sp), y
      000521 20 D0            [ 2] 1170 	jra	00107$
                                   1171 ;	sensors.c: 433: while (objTemp > 0)
      000523                       1172 00129$:
      000523 16 05            [ 2] 1173 	ldw	y, (0x05, sp)
      000525 17 1B            [ 2] 1174 	ldw	(0x1b, sp), y
      000527 5F               [ 1] 1175 	clrw	x
      000528 1F 0F            [ 2] 1176 	ldw	(0x0f, sp), x
      00052A                       1177 00110$:
      00052A 5F               [ 1] 1178 	clrw	x
      00052B 89               [ 2] 1179 	pushw	x
      00052C 5F               [ 1] 1180 	clrw	x
      00052D 89               [ 2] 1181 	pushw	x
      00052E 1E 0D            [ 2] 1182 	ldw	x, (0x0d, sp)
      000530 89               [ 2] 1183 	pushw	x
      000531 1E 0D            [ 2] 1184 	ldw	x, (0x0d, sp)
      000533 89               [ 2] 1185 	pushw	x
      000534 CDr00r00         [ 4] 1186 	call	___fsgt
      000537 5B 08            [ 2] 1187 	addw	sp, #8
      000539 4D               [ 1] 1188 	tnz	a
      00053A 27 1C            [ 1] 1189 	jreq	00112$
                                   1190 ;	sensors.c: 435: eerste+=1;
      00053C 1E 0F            [ 2] 1191 	ldw	x, (0x0f, sp)
      00053E 5C               [ 2] 1192 	incw	x
      00053F 1F 0F            [ 2] 1193 	ldw	(0x0f, sp), x
                                   1194 ;	sensors.c: 436: objTemp-=1;
      000541 5F               [ 1] 1195 	clrw	x
      000542 89               [ 2] 1196 	pushw	x
      000543 4B 80            [ 1] 1197 	push	#0x80
      000545 4B 3F            [ 1] 1198 	push	#0x3f
      000547 1E 0D            [ 2] 1199 	ldw	x, (0x0d, sp)
      000549 89               [ 2] 1200 	pushw	x
      00054A 1E 0D            [ 2] 1201 	ldw	x, (0x0d, sp)
      00054C 89               [ 2] 1202 	pushw	x
      00054D CDr00r00         [ 4] 1203 	call	___fssub
      000550 5B 08            [ 2] 1204 	addw	sp, #8
      000552 1F 09            [ 2] 1205 	ldw	(0x09, sp), x
      000554 17 07            [ 2] 1206 	ldw	(0x07, sp), y
      000556 20 D2            [ 2] 1207 	jra	00110$
      000558                       1208 00112$:
                                   1209 ;	sensors.c: 439: utemp=vierde*1000+derde*100+tweede*10+eerste;
      000558 1E 13            [ 2] 1210 	ldw	x, (0x13, sp)
      00055A 89               [ 2] 1211 	pushw	x
      00055B 4B E8            [ 1] 1212 	push	#0xe8
      00055D 4B 03            [ 1] 1213 	push	#0x03
      00055F CDr00r00         [ 4] 1214 	call	__mulint
      000562 5B 04            [ 2] 1215 	addw	sp, #4
      000564 1F 19            [ 2] 1216 	ldw	(0x19, sp), x
      000566 1E 11            [ 2] 1217 	ldw	x, (0x11, sp)
      000568 89               [ 2] 1218 	pushw	x
      000569 4B 64            [ 1] 1219 	push	#0x64
      00056B 4B 00            [ 1] 1220 	push	#0x00
      00056D CDr00r00         [ 4] 1221 	call	__mulint
      000570 5B 04            [ 2] 1222 	addw	sp, #4
      000572 72 FB 19         [ 2] 1223 	addw	x, (0x19, sp)
      000575 1F 17            [ 2] 1224 	ldw	(0x17, sp), x
      000577 1E 1B            [ 2] 1225 	ldw	x, (0x1b, sp)
      000579 89               [ 2] 1226 	pushw	x
      00057A 4B 0A            [ 1] 1227 	push	#0x0a
      00057C 4B 00            [ 1] 1228 	push	#0x00
      00057E CDr00r00         [ 4] 1229 	call	__mulint
      000581 5B 04            [ 2] 1230 	addw	sp, #4
      000583 72 FB 17         [ 2] 1231 	addw	x, (0x17, sp)
      000586 72 FB 0F         [ 2] 1232 	addw	x, (0x0f, sp)
      000589 90 5F            [ 1] 1233 	clrw	y
      00058B 5D               [ 2] 1234 	tnzw	x
      00058C 2A 02            [ 1] 1235 	jrpl	00162$
      00058E 90 5A            [ 2] 1236 	decw	y
      000590                       1237 00162$:
                                   1238 ;	sensors.c: 442: tm1637DisplayDecimal(utemp, 1); // eg 37:12
      000590 4B 01            [ 1] 1239 	push	#0x01
      000592 4B 00            [ 1] 1240 	push	#0x00
      000594 89               [ 2] 1241 	pushw	x
      000595 90 89            [ 2] 1242 	pushw	y
      000597 CDr02r86         [ 4] 1243 	call	_tm1637DisplayDecimal
      00059A 5B 06            [ 2] 1244 	addw	sp, #6
                                   1245 ;	sensors.c: 445: delayTenMicro();
      00059C CDr00r00         [ 4] 1246 	call	_delayTenMicro
      00059F CCr04r08         [ 2] 1247 	jp	00114$
      0005A2 5B 1C            [ 2] 1248 	addw	sp, #28
      0005A4 81               [ 4] 1249 	ret
                                   1250 	.area CODE
      0005A5                       1251 _segmentMap:
      0005A5 3F                    1252 	.db #0x3F	;  63
      0005A6 06                    1253 	.db #0x06	;  6
      0005A7 5B                    1254 	.db #0x5B	;  91
      0005A8 4F                    1255 	.db #0x4F	;  79	'O'
      0005A9 66                    1256 	.db #0x66	;  102	'f'
      0005AA 6D                    1257 	.db #0x6D	;  109	'm'
      0005AB 7D                    1258 	.db #0x7D	;  125
      0005AC 07                    1259 	.db #0x07	;  7
      0005AD 7F                    1260 	.db #0x7F	;  127
      0005AE 6F                    1261 	.db #0x6F	;  111	'o'
      0005AF 77                    1262 	.db #0x77	;  119	'w'
      0005B0 7C                    1263 	.db #0x7C	;  124
      0005B1 39                    1264 	.db #0x39	;  57	'9'
      0005B2 5E                    1265 	.db #0x5E	;  94
      0005B3 79                    1266 	.db #0x79	;  121	'y'
      0005B4 71                    1267 	.db #0x71	;  113	'q'
      0005B5 00                    1268 	.db #0x00	;  0
                                   1269 	.area INITIALIZER
                                   1270 	.area CABS (ABS)
